mode: set
github.com/blend/jobkit/email.go:10.143,23.51 3 1
github.com/blend/jobkit/email.go:27.2,29.16 3 1
github.com/blend/jobkit/email.go:32.2,33.16 2 1
github.com/blend/jobkit/email.go:36.2,37.16 2 1
github.com/blend/jobkit/email.go:41.2,41.60 1 1
github.com/blend/jobkit/email.go:23.51,25.3 1 1
github.com/blend/jobkit/email.go:29.16,31.3 1 0
github.com/blend/jobkit/email.go:33.16,35.3 1 1
github.com/blend/jobkit/email.go:37.16,39.3 1 0
github.com/blend/jobkit/job.go:38.100,47.30 4 1
github.com/blend/jobkit/job.go:52.2,52.18 1 1
github.com/blend/jobkit/job.go:47.30,48.34 1 1
github.com/blend/jobkit/job.go:48.34,50.4 1 0
github.com/blend/jobkit/job.go:56.30,66.50 2 1
github.com/blend/jobkit/job.go:69.2,69.53 1 1
github.com/blend/jobkit/job.go:72.2,72.48 1 1
github.com/blend/jobkit/job.go:75.2,75.49 1 1
github.com/blend/jobkit/job.go:78.2,78.61 1 1
github.com/blend/jobkit/job.go:81.2,81.57 1 1
github.com/blend/jobkit/job.go:84.2,84.68 1 1
github.com/blend/jobkit/job.go:87.2,87.57 1 1
github.com/blend/jobkit/job.go:90.2,90.55 1 1
github.com/blend/jobkit/job.go:93.2,93.67 1 1
github.com/blend/jobkit/job.go:96.2,96.64 1 1
github.com/blend/jobkit/job.go:99.2,99.10 1 1
github.com/blend/jobkit/job.go:66.50,68.3 1 1
github.com/blend/jobkit/job.go:69.53,71.3 1 0
github.com/blend/jobkit/job.go:72.48,74.3 1 1
github.com/blend/jobkit/job.go:75.49,77.3 1 1
github.com/blend/jobkit/job.go:78.61,80.3 1 1
github.com/blend/jobkit/job.go:81.57,83.3 1 1
github.com/blend/jobkit/job.go:84.68,86.3 1 1
github.com/blend/jobkit/job.go:87.57,89.3 1 1
github.com/blend/jobkit/job.go:90.55,92.3 1 1
github.com/blend/jobkit/job.go:93.67,95.3 1 1
github.com/blend/jobkit/job.go:96.64,98.3 1 1
github.com/blend/jobkit/job.go:103.62,104.30 1 1
github.com/blend/jobkit/job.go:104.30,107.3 2 1
github.com/blend/jobkit/job.go:111.41,112.30 1 1
github.com/blend/jobkit/job.go:112.30,117.3 4 1
github.com/blend/jobkit/job.go:121.51,122.30 1 1
github.com/blend/jobkit/job.go:122.30,124.17 2 1
github.com/blend/jobkit/job.go:127.3,128.13 2 1
github.com/blend/jobkit/job.go:124.17,126.4 1 0
github.com/blend/jobkit/job.go:153.30,155.2 1 1
github.com/blend/jobkit/job.go:158.43,160.2 1 0
github.com/blend/jobkit/job.go:163.41,165.2 1 0
github.com/blend/jobkit/job.go:168.43,170.2 1 0
github.com/blend/jobkit/job.go:173.45,175.41 2 1
github.com/blend/jobkit/job.go:175.41,177.3 1 1
github.com/blend/jobkit/job.go:181.48,183.43 2 1
github.com/blend/jobkit/job.go:183.43,185.3 1 1
github.com/blend/jobkit/job.go:189.47,191.43 2 1
github.com/blend/jobkit/job.go:191.43,193.3 1 1
github.com/blend/jobkit/job.go:197.46,199.42 2 1
github.com/blend/jobkit/job.go:199.42,201.3 1 1
github.com/blend/jobkit/job.go:205.45,207.41 2 1
github.com/blend/jobkit/job.go:207.41,209.3 1 1
github.com/blend/jobkit/job.go:213.52,215.48 2 1
github.com/blend/jobkit/job.go:215.48,217.3 1 1
github.com/blend/jobkit/job.go:221.47,222.43 1 0
github.com/blend/jobkit/job.go:222.43,224.3 1 0
github.com/blend/jobkit/job.go:228.48,229.44 1 0
github.com/blend/jobkit/job.go:229.44,231.3 1 0
github.com/blend/jobkit/job.go:236.84,238.53 2 1
github.com/blend/jobkit/job.go:243.2,245.16 3 1
github.com/blend/jobkit/job.go:248.2,249.39 2 1
github.com/blend/jobkit/job.go:238.53,239.61 1 0
github.com/blend/jobkit/job.go:239.61,241.4 1 0
github.com/blend/jobkit/job.go:245.16,247.3 1 0
github.com/blend/jobkit/job.go:253.93,255.56 2 1
github.com/blend/jobkit/job.go:258.2,260.16 3 1
github.com/blend/jobkit/job.go:263.2,265.8 3 1
github.com/blend/jobkit/job.go:255.56,257.3 1 0
github.com/blend/jobkit/job.go:260.16,262.3 1 0
github.com/blend/jobkit/job.go:269.51,271.2 1 0
github.com/blend/jobkit/job.go:278.80,279.20 1 1
github.com/blend/jobkit/job.go:279.20,281.3 1 0
github.com/blend/jobkit/job.go:285.60,286.34 1 1
github.com/blend/jobkit/job.go:289.2,289.12 1 1
github.com/blend/jobkit/job.go:286.34,288.3 1 0
github.com/blend/jobkit/job.go:297.56,298.28 1 1
github.com/blend/jobkit/job.go:298.28,300.50 2 0
github.com/blend/jobkit/job.go:300.50,303.4 2 0
github.com/blend/jobkit/job.go:304.8,306.3 1 1
github.com/blend/jobkit/job.go:309.57,310.28 1 1
github.com/blend/jobkit/job.go:319.2,319.28 1 1
github.com/blend/jobkit/job.go:334.2,334.35 1 1
github.com/blend/jobkit/job.go:310.28,311.50 1 1
github.com/blend/jobkit/job.go:311.50,314.4 2 1
github.com/blend/jobkit/job.go:315.8,317.3 1 1
github.com/blend/jobkit/job.go:319.28,320.50 1 1
github.com/blend/jobkit/job.go:320.50,322.18 2 1
github.com/blend/jobkit/job.go:325.4,326.118 2 1
github.com/blend/jobkit/job.go:322.18,324.5 1 1
github.com/blend/jobkit/job.go:327.9,329.4 1 0
github.com/blend/jobkit/job.go:330.8,332.3 1 1
github.com/blend/jobkit/job.go:334.35,337.17 3 1
github.com/blend/jobkit/job.go:337.17,339.4 1 0
github.com/blend/jobkit/job_config.go:44.48,45.23 1 1
github.com/blend/jobkit/job_config.go:48.2,48.26 1 0
github.com/blend/jobkit/job_config.go:45.23,47.3 1 1
github.com/blend/jobkit/job_config.go:52.51,53.26 1 1
github.com/blend/jobkit/job_config.go:56.2,56.27 1 0
github.com/blend/jobkit/job_config.go:53.26,55.3 1 1
github.com/blend/jobkit/job_config.go:60.51,61.29 1 1
github.com/blend/jobkit/job_config.go:64.2,64.14 1 1
github.com/blend/jobkit/job_config.go:61.29,63.3 1 1
github.com/blend/jobkit/job_config.go:68.53,69.31 1 1
github.com/blend/jobkit/job_config.go:72.2,72.14 1 1
github.com/blend/jobkit/job_config.go:69.31,71.3 1 1
github.com/blend/jobkit/job_config.go:76.53,77.31 1 1
github.com/blend/jobkit/job_config.go:80.2,80.13 1 1
github.com/blend/jobkit/job_config.go:77.31,79.3 1 1
github.com/blend/jobkit/job_config.go:84.58,85.36 1 1
github.com/blend/jobkit/job_config.go:88.2,88.13 1 1
github.com/blend/jobkit/job_config.go:85.36,87.3 1 1
github.com/blend/jobkit/job_config.go:92.52,93.30 1 1
github.com/blend/jobkit/job_config.go:96.2,96.13 1 1
github.com/blend/jobkit/job_config.go:93.30,95.3 1 1
github.com/blend/jobkit/job_config.go:100.51,101.29 1 1
github.com/blend/jobkit/job_config.go:104.2,104.13 1 1
github.com/blend/jobkit/job_config.go:101.29,103.3 1 1
github.com/blend/jobkit/job_config.go:108.53,109.31 1 0
github.com/blend/jobkit/job_config.go:112.2,112.14 1 0
github.com/blend/jobkit/job_config.go:109.31,111.3 1 0
github.com/blend/jobkit/job_config.go:116.54,117.32 1 0
github.com/blend/jobkit/job_config.go:120.2,120.14 1 0
github.com/blend/jobkit/job_config.go:117.32,119.3 1 0
github.com/blend/jobkit/management_server.go:31.81,36.2 4 1
github.com/blend/jobkit/management_server.go:45.51,46.39 1 1
github.com/blend/jobkit/management_server.go:63.2,64.65 2 1
github.com/blend/jobkit/management_server.go:69.2,100.95 24 1
github.com/blend/jobkit/management_server.go:46.39,49.3 2 0
github.com/blend/jobkit/management_server.go:49.8,51.43 2 1
github.com/blend/jobkit/management_server.go:51.43,53.18 2 1
github.com/blend/jobkit/management_server.go:56.4,57.18 2 1
github.com/blend/jobkit/management_server.go:60.4,60.43 1 1
github.com/blend/jobkit/management_server.go:53.18,54.15 1 0
github.com/blend/jobkit/management_server.go:57.18,58.15 1 0
github.com/blend/jobkit/management_server.go:64.65,66.3 1 0
github.com/blend/jobkit/management_server.go:104.49,114.2 1 1
github.com/blend/jobkit/management_server.go:117.61,119.2 1 1
github.com/blend/jobkit/management_server.go:122.61,124.16 2 1
github.com/blend/jobkit/management_server.go:127.2,129.27 3 1
github.com/blend/jobkit/management_server.go:132.2,133.16 2 1
github.com/blend/jobkit/management_server.go:136.2,137.12 2 1
github.com/blend/jobkit/management_server.go:124.16,126.3 1 0
github.com/blend/jobkit/management_server.go:129.27,131.3 1 0
github.com/blend/jobkit/management_server.go:133.16,135.3 1 0
github.com/blend/jobkit/management_server.go:145.60,148.2 2 1
github.com/blend/jobkit/management_server.go:151.61,153.25 2 1
github.com/blend/jobkit/management_server.go:156.2,157.16 2 1
github.com/blend/jobkit/management_server.go:160.2,163.90 3 1
github.com/blend/jobkit/management_server.go:166.2,167.43 2 1
github.com/blend/jobkit/management_server.go:153.25,155.3 1 0
github.com/blend/jobkit/management_server.go:157.16,159.3 1 1
github.com/blend/jobkit/management_server.go:163.90,165.3 1 1
github.com/blend/jobkit/management_server.go:171.60,172.39 1 1
github.com/blend/jobkit/management_server.go:175.2,175.43 1 1
github.com/blend/jobkit/management_server.go:172.39,174.3 1 0
github.com/blend/jobkit/management_server.go:179.61,180.45 1 1
github.com/blend/jobkit/management_server.go:183.2,183.43 1 1
github.com/blend/jobkit/management_server.go:180.45,182.3 1 0
github.com/blend/jobkit/management_server.go:187.58,189.19 2 1
github.com/blend/jobkit/management_server.go:192.2,192.33 1 1
github.com/blend/jobkit/management_server.go:189.19,191.3 1 1
github.com/blend/jobkit/management_server.go:196.61,198.19 2 1
github.com/blend/jobkit/management_server.go:201.2,202.16 2 1
github.com/blend/jobkit/management_server.go:205.2,205.100 1 1
github.com/blend/jobkit/management_server.go:198.19,200.3 1 0
github.com/blend/jobkit/management_server.go:202.16,204.3 1 0
github.com/blend/jobkit/management_server.go:209.64,211.19 2 1
github.com/blend/jobkit/management_server.go:214.2,214.55 1 1
github.com/blend/jobkit/management_server.go:217.2,217.43 1 1
github.com/blend/jobkit/management_server.go:211.19,213.3 1 0
github.com/blend/jobkit/management_server.go:214.55,216.3 1 0
github.com/blend/jobkit/management_server.go:221.65,223.19 2 1
github.com/blend/jobkit/management_server.go:226.2,226.56 1 1
github.com/blend/jobkit/management_server.go:229.2,229.43 1 1
github.com/blend/jobkit/management_server.go:223.19,225.3 1 0
github.com/blend/jobkit/management_server.go:226.56,228.3 1 0
github.com/blend/jobkit/management_server.go:233.64,235.19 2 1
github.com/blend/jobkit/management_server.go:238.2,239.16 2 1
github.com/blend/jobkit/management_server.go:242.2,242.43 1 1
github.com/blend/jobkit/management_server.go:235.19,237.3 1 0
github.com/blend/jobkit/management_server.go:239.16,241.3 1 0
github.com/blend/jobkit/management_server.go:246.68,248.19 2 1
github.com/blend/jobkit/management_server.go:251.2,251.47 1 1
github.com/blend/jobkit/management_server.go:248.19,250.3 1 1
github.com/blend/jobkit/management_server.go:255.62,257.2 1 1
github.com/blend/jobkit/management_server.go:260.69,262.2 1 1
github.com/blend/jobkit/management_server.go:265.64,266.39 1 1
github.com/blend/jobkit/management_server.go:269.2,269.22 1 1
github.com/blend/jobkit/management_server.go:266.39,268.3 1 0
github.com/blend/jobkit/management_server.go:273.65,274.45 1 1
github.com/blend/jobkit/management_server.go:277.2,277.22 1 1
github.com/blend/jobkit/management_server.go:274.45,276.3 1 0
github.com/blend/jobkit/management_server.go:281.61,283.19 2 1
github.com/blend/jobkit/management_server.go:286.2,286.38 1 1
github.com/blend/jobkit/management_server.go:283.19,285.3 1 1
github.com/blend/jobkit/management_server.go:290.65,292.19 2 1
github.com/blend/jobkit/management_server.go:295.2,296.16 2 1
github.com/blend/jobkit/management_server.go:299.2,299.28 1 1
github.com/blend/jobkit/management_server.go:292.19,294.3 1 0
github.com/blend/jobkit/management_server.go:296.16,298.3 1 0
github.com/blend/jobkit/management_server.go:303.68,305.19 2 1
github.com/blend/jobkit/management_server.go:308.2,308.54 1 1
github.com/blend/jobkit/management_server.go:311.2,311.22 1 1
github.com/blend/jobkit/management_server.go:305.19,307.3 1 0
github.com/blend/jobkit/management_server.go:308.54,310.3 1 0
github.com/blend/jobkit/management_server.go:315.69,317.19 2 1
github.com/blend/jobkit/management_server.go:320.2,320.56 1 1
github.com/blend/jobkit/management_server.go:323.2,323.22 1 1
github.com/blend/jobkit/management_server.go:317.19,319.3 1 0
github.com/blend/jobkit/management_server.go:320.56,322.3 1 0
github.com/blend/jobkit/management_server.go:327.68,329.19 2 1
github.com/blend/jobkit/management_server.go:332.2,332.55 1 1
github.com/blend/jobkit/management_server.go:335.2,335.63 1 1
github.com/blend/jobkit/management_server.go:329.19,331.3 1 0
github.com/blend/jobkit/management_server.go:332.55,334.3 1 0
github.com/blend/jobkit/management_server.go:339.71,341.19 2 1
github.com/blend/jobkit/management_server.go:344.2,344.36 1 1
github.com/blend/jobkit/management_server.go:341.19,343.3 1 0
github.com/blend/jobkit/management_server.go:347.77,349.19 2 1
github.com/blend/jobkit/management_server.go:352.2,353.81 2 1
github.com/blend/jobkit/management_server.go:367.2,370.4 1 1
github.com/blend/jobkit/management_server.go:349.19,351.3 1 0
github.com/blend/jobkit/management_server.go:353.81,357.32 3 1
github.com/blend/jobkit/management_server.go:362.3,365.5 1 1
github.com/blend/jobkit/management_server.go:357.32,358.38 1 1
github.com/blend/jobkit/management_server.go:358.38,360.5 1 0
github.com/blend/jobkit/management_server.go:373.83,377.19 3 1
github.com/blend/jobkit/management_server.go:380.2,381.42 2 1
github.com/blend/jobkit/management_server.go:386.2,386.47 1 1
github.com/blend/jobkit/management_server.go:394.2,394.55 1 1
github.com/blend/jobkit/management_server.go:412.2,414.81 2 1
github.com/blend/jobkit/management_server.go:424.2,425.79 2 1
github.com/blend/jobkit/management_server.go:428.2,428.15 1 1
github.com/blend/jobkit/management_server.go:430.2,431.6 2 1
github.com/blend/jobkit/management_server.go:377.19,379.3 1 0
github.com/blend/jobkit/management_server.go:381.42,384.3 2 0
github.com/blend/jobkit/management_server.go:386.47,388.76 2 1
github.com/blend/jobkit/management_server.go:391.3,391.13 1 1
github.com/blend/jobkit/management_server.go:388.76,390.4 1 0
github.com/blend/jobkit/management_server.go:394.55,398.5 1 1
github.com/blend/jobkit/management_server.go:398.5,400.37 2 1
github.com/blend/jobkit/management_server.go:400.37,401.69 1 1
github.com/blend/jobkit/management_server.go:401.69,403.6 1 0
github.com/blend/jobkit/management_server.go:404.10,405.67 1 0
github.com/blend/jobkit/management_server.go:405.67,407.6 1 0
github.com/blend/jobkit/management_server.go:414.81,417.50 3 0
github.com/blend/jobkit/management_server.go:417.50,418.36 1 0
github.com/blend/jobkit/management_server.go:418.36,420.5 1 0
github.com/blend/jobkit/management_server.go:425.79,427.3 1 1
github.com/blend/jobkit/management_server.go:428.15,428.63 1 1
github.com/blend/jobkit/management_server.go:431.6,432.10 1 1
github.com/blend/jobkit/management_server.go:433.21,434.49 1 1
github.com/blend/jobkit/management_server.go:441.4,441.36 1 0
github.com/blend/jobkit/management_server.go:445.4,445.135 1 0
github.com/blend/jobkit/management_server.go:434.49,436.78 2 1
github.com/blend/jobkit/management_server.go:439.5,439.15 1 1
github.com/blend/jobkit/management_server.go:436.78,438.6 1 0
github.com/blend/jobkit/management_server.go:441.36,444.5 2 0
github.com/blend/jobkit/management_server.go:445.135,448.5 2 0
github.com/blend/jobkit/management_server.go:454.80,455.37 1 1
github.com/blend/jobkit/management_server.go:455.37,458.3 2 1
github.com/blend/jobkit/management_server.go:461.122,463.16 2 1
github.com/blend/jobkit/management_server.go:466.2,467.16 2 1
github.com/blend/jobkit/management_server.go:470.2,471.30 2 1
github.com/blend/jobkit/management_server.go:474.2,474.17 1 1
github.com/blend/jobkit/management_server.go:463.16,465.3 1 0
github.com/blend/jobkit/management_server.go:467.16,469.3 1 0
github.com/blend/jobkit/management_server.go:471.30,473.3 1 1
github.com/blend/jobkit/management_server.go:478.133,480.19 2 1
github.com/blend/jobkit/management_server.go:484.2,485.16 2 1
github.com/blend/jobkit/management_server.go:489.2,489.53 1 1
github.com/blend/jobkit/management_server.go:492.2,492.47 1 1
github.com/blend/jobkit/management_server.go:496.2,497.23 2 1
github.com/blend/jobkit/management_server.go:500.2,500.24 1 1
github.com/blend/jobkit/management_server.go:480.19,482.3 1 1
github.com/blend/jobkit/management_server.go:485.16,487.3 1 0
github.com/blend/jobkit/management_server.go:489.53,491.3 1 1
github.com/blend/jobkit/management_server.go:492.47,494.3 1 0
github.com/blend/jobkit/management_server.go:497.23,499.3 1 1
github.com/blend/jobkit/management_server.go:503.158,505.32 2 1
github.com/blend/jobkit/management_server.go:510.2,510.15 1 1
github.com/blend/jobkit/management_server.go:505.32,506.20 1 1
github.com/blend/jobkit/management_server.go:506.20,508.4 1 1
github.com/blend/jobkit/shell_action.go:19.66,20.40 1 0
github.com/blend/jobkit/shell_action.go:20.40,20.72 1 0
github.com/blend/jobkit/shell_action.go:24.72,25.40 1 0
github.com/blend/jobkit/shell_action.go:25.40,25.78 1 0
github.com/blend/jobkit/shell_action.go:35.88,37.27 2 1
github.com/blend/jobkit/shell_action.go:41.2,41.41 1 1
github.com/blend/jobkit/shell_action.go:37.27,39.3 1 0
github.com/blend/jobkit/shell_action.go:41.41,43.36 2 0
github.com/blend/jobkit/shell_action.go:46.3,46.29 1 0
github.com/blend/jobkit/shell_action.go:54.3,55.17 2 0
github.com/blend/jobkit/shell_action.go:58.3,58.29 1 0
github.com/blend/jobkit/shell_action.go:62.3,62.27 1 0
github.com/blend/jobkit/shell_action.go:43.36,45.4 1 0
github.com/blend/jobkit/shell_action.go:46.29,47.33 1 0
github.com/blend/jobkit/shell_action.go:47.33,48.19 1 0
github.com/blend/jobkit/shell_action.go:51.5,51.36 1 0
github.com/blend/jobkit/shell_action.go:48.19,49.14 1 0
github.com/blend/jobkit/shell_action.go:55.17,57.4 1 0
github.com/blend/jobkit/shell_action.go:58.29,61.4 2 0
github.com/blend/jobkit/config.go:42.34,52.2 1 0
github.com/blend/jobkit/config.go:55.41,56.19 1 0
github.com/blend/jobkit/config.go:59.2,59.17 1 0
github.com/blend/jobkit/config.go:56.19,58.3 1 0
github.com/blend/jobkit/config.go:63.46,64.27 1 1
github.com/blend/jobkit/config.go:67.2,67.14 1 1
github.com/blend/jobkit/config.go:64.27,66.3 1 0
github.com/blend/jobkit/slack.go:11.105,13.19 2 1
github.com/blend/jobkit/slack.go:33.2,33.20 1 1
github.com/blend/jobkit/slack.go:41.2,41.55 1 1
github.com/blend/jobkit/slack.go:13.19,24.3 1 1
github.com/blend/jobkit/slack.go:24.8,31.3 1 1
github.com/blend/jobkit/slack.go:33.20,39.3 1 1
github.com/blend/jobkit/webhook.go:18.33,20.2 1 1
github.com/blend/jobkit/webhook.go:23.41,25.2 1 1
github.com/blend/jobkit/webhook.go:28.41,32.25 2 1
github.com/blend/jobkit/webhook.go:37.2,37.19 1 1
github.com/blend/jobkit/webhook.go:40.2,40.16 1 1
github.com/blend/jobkit/webhook.go:32.25,33.38 1 1
github.com/blend/jobkit/webhook.go:33.38,35.4 1 1
github.com/blend/jobkit/webhook.go:37.19,39.3 1 1
github.com/blend/jobkit/webhook.go:44.44,45.21 1 1
github.com/blend/jobkit/webhook.go:48.2,48.21 1 1
github.com/blend/jobkit/webhook.go:45.21,47.3 1 1
