mode: atomic
github.com/blend/go-sdk/graceful/notify.go:9.50,13.2 3 0
github.com/blend/go-sdk/graceful/shutdown.go:6.41,10.2 1 0
github.com/blend/go-sdk/graceful/shutdown_by_signal.go:14.72,16.27 2 2
github.com/blend/go-sdk/graceful/shutdown_by_signal.go:20.2,31.40 8 2
github.com/blend/go-sdk/graceful/shutdown_by_signal.go:55.2,55.9 1 2
github.com/blend/go-sdk/graceful/shutdown_by_signal.go:66.2,66.21 1 2
github.com/blend/go-sdk/graceful/shutdown_by_signal.go:69.2,69.12 1 1
github.com/blend/go-sdk/graceful/shutdown_by_signal.go:16.27,18.3 1 2
github.com/blend/go-sdk/graceful/shutdown_by_signal.go:31.40,33.30 1 6
github.com/blend/go-sdk/graceful/shutdown_by_signal.go:45.3,45.30 1 6
github.com/blend/go-sdk/graceful/shutdown_by_signal.go:33.30,34.17 1 6
github.com/blend/go-sdk/graceful/shutdown_by_signal.go:38.4,38.43 1 6
github.com/blend/go-sdk/graceful/shutdown_by_signal.go:41.4,41.10 1 6
github.com/blend/go-sdk/graceful/shutdown_by_signal.go:34.17,35.19 1 6
github.com/blend/go-sdk/graceful/shutdown_by_signal.go:36.5,36.28 1 6
github.com/blend/go-sdk/graceful/shutdown_by_signal.go:35.19,35.42 1 6
github.com/blend/go-sdk/graceful/shutdown_by_signal.go:38.43,40.5 1 0
github.com/blend/go-sdk/graceful/shutdown_by_signal.go:45.30,48.42 3 6
github.com/blend/go-sdk/graceful/shutdown_by_signal.go:51.4,51.10 1 6
github.com/blend/go-sdk/graceful/shutdown_by_signal.go:48.42,50.5 1 2
github.com/blend/go-sdk/graceful/shutdown_by_signal.go:56.32,60.26 4 0
github.com/blend/go-sdk/graceful/shutdown_by_signal.go:62.22,64.30 2 2
github.com/blend/go-sdk/graceful/shutdown_by_signal.go:66.21,68.3 1 1
github.com/blend/go-sdk/graceful/shutdown_by_signal.go:72.40,73.15 1 6
github.com/blend/go-sdk/graceful/shutdown_by_signal.go:78.2,79.8 2 6
github.com/blend/go-sdk/graceful/shutdown_by_signal.go:73.15,74.31 1 6
github.com/blend/go-sdk/graceful/shutdown_by_signal.go:74.31,76.4 1 4
github.com/blend/go-sdk/graceful/shutdown_options.go:8.48,9.35 1 0
github.com/blend/go-sdk/graceful/shutdown_options.go:9.35,9.92 1 0
github.com/blend/go-sdk/graceful/shutdown_options.go:13.62,14.35 1 2
github.com/blend/go-sdk/graceful/shutdown_options.go:14.35,14.65 1 2
